<?xml version="1.0" encoding="UTF-8"?>
<!-- Generated by org.testng.reporters.JUnitXMLReporter -->
<testsuite hostname="sanjulakhith" ignored="0" name="Test" tests="2" failures="1" timestamp="28 Sep 2019 18:05:26 GMT" time="57.772" errors="0">
  <testcase name="whFunctionalityTest" time="25.132" classname="com.walletHubReview.testCases.WalletReviewTestCases">
    <failure type="org.openqa.selenium.NoSuchElementException" message="no such element: Unable to locate element: {&amp;quot;method&amp;quot;:&amp;quot;xpath&amp;quot;,&amp;quot;selector&amp;quot;:&amp;quot;//nav[@class=&amp;apos;burger-menu-right-menu brgm-guest-user&amp;apos;]//*[text()=&amp;apos;Login&amp;apos;]&amp;quot;}
  (Session info: chrome=77.0.3865.90)
For documentation on this error, please visit: https://www.seleniumhq.org/exceptions/no_such_element.html
Build info: version: &amp;apos;3.141.59&amp;apos;, revision: &amp;apos;e82be7d358&amp;apos;, time: &amp;apos;2018-11-14T08:17:03&amp;apos;
System info: host: &amp;apos;SANJULAKHITH&amp;apos;, ip: &amp;apos;172.31.112.1&amp;apos;, os.name: &amp;apos;Windows 10&amp;apos;, os.arch: &amp;apos;amd64&amp;apos;, os.version: &amp;apos;10.0&amp;apos;, java.version: &amp;apos;1.8.0_144&amp;apos;
Driver info: org.openqa.selenium.chrome.ChromeDriver
Capabilities {acceptInsecureCerts: false, browserName: chrome, browserVersion: 77.0.3865.90, chrome: {chromedriverVersion: 77.0.3865.40 (f484704e052e0..., userDataDir: C:\Users\trina\AppData\Loca...}, goog:chromeOptions: {debuggerAddress: localhost:60358}, javascriptEnabled: true, networkConnectionEnabled: false, pageLoadStrategy: normal, platform: XP, platformName: XP, proxy: Proxy(), setWindowRect: true, strictFileInteractability: false, timeouts: {implicit: 0, pageLoad: 300000, script: 30000}, unhandledPromptBehavior: dismiss and notify}
Session ID: 64beccdce75034c69f598969b96cb7d1
*** Element info: {Using=xpath, value=//nav[@class=&amp;apos;burger-menu-right-menu brgm-guest-user&amp;apos;]//*[text()=&amp;apos;Login&amp;apos;]}">
      <![CDATA[org.openqa.selenium.NoSuchElementException: no such element: Unable to locate element: {"method":"xpath","selector":"//nav[@class='burger-menu-right-menu brgm-guest-user']//*[text()='Login']"}
  (Session info: chrome=77.0.3865.90)
For documentation on this error, please visit: https://www.seleniumhq.org/exceptions/no_such_element.html
Build info: version: '3.141.59', revision: 'e82be7d358', time: '2018-11-14T08:17:03'
System info: host: 'SANJULAKHITH', ip: '172.31.112.1', os.name: 'Windows 10', os.arch: 'amd64', os.version: '10.0', java.version: '1.8.0_144'
Driver info: org.openqa.selenium.chrome.ChromeDriver
Capabilities {acceptInsecureCerts: false, browserName: chrome, browserVersion: 77.0.3865.90, chrome: {chromedriverVersion: 77.0.3865.40 (f484704e052e0..., userDataDir: C:\Users\trina\AppData\Loca...}, goog:chromeOptions: {debuggerAddress: localhost:60358}, javascriptEnabled: true, networkConnectionEnabled: false, pageLoadStrategy: normal, platform: XP, platformName: XP, proxy: Proxy(), setWindowRect: true, strictFileInteractability: false, timeouts: {implicit: 0, pageLoad: 300000, script: 30000}, unhandledPromptBehavior: dismiss and notify}
Session ID: 64beccdce75034c69f598969b96cb7d1
*** Element info: {Using=xpath, value=//nav[@class='burger-menu-right-menu brgm-guest-user']//*[text()='Login']}
at org.openqa.selenium.remote.http.W3CHttpResponseCodec.createException(W3CHttpResponseCodec.java:187)
at org.openqa.selenium.remote.http.W3CHttpResponseCodec.decode(W3CHttpResponseCodec.java:122)
at org.openqa.selenium.remote.http.W3CHttpResponseCodec.decode(W3CHttpResponseCodec.java:49)
at org.openqa.selenium.remote.HttpCommandExecutor.execute(HttpCommandExecutor.java:158)
at org.openqa.selenium.remote.service.DriverCommandExecutor.execute(DriverCommandExecutor.java:83)
at org.openqa.selenium.remote.RemoteWebDriver.execute(RemoteWebDriver.java:552)
at org.openqa.selenium.remote.RemoteWebDriver.findElement(RemoteWebDriver.java:323)
at org.openqa.selenium.remote.RemoteWebDriver.findElementByXPath(RemoteWebDriver.java:428)
at org.openqa.selenium.By$ByXPath.findElement(By.java:353)
at org.openqa.selenium.remote.RemoteWebDriver.findElement(RemoteWebDriver.java:315)
at com.walletHub.SeleniumHandler.seleniumCommanMethods.getElementByElement(seleniumCommanMethods.java:34)
at com.PageObject.wallethubRating.WalletHubReviewPage.clicOnLoginLink(WalletHubReviewPage.java:77)
at com.walletHubReview.testCases.WalletReviewTestCases.whFunctionalityTest(WalletReviewTestCases.java:35)
... Removed 28 stack frames]]>
    </failure>
  </testcase> <!-- whFunctionalityTest -->
  <testcase name="fbFunctionalityTest" time="11.06" classname="com.testCases.FB.FaceBookLogin"/>
</testsuite> <!-- Test -->
